<?xml version="1.0" encoding="UTF-8"?>
<!-- Generated by org.testng.reporters.JUnitReportReporter -->
<testsuite hostname="macs-MBP" failures="0" tests="1" name="test.base.BaseTest" time="3.192" errors="0" timestamp="2024-08-11T18:24:19 EEST" skipped="0">
  <testcase classname="test.base.BaseTest" name="verifyUserCanSearchUkraine" time="3.192"/>
</testsuite> <!-- test.base.BaseTest -->
